-------------------------------------------------------------------------------
Test set: edu.zut.cs.software.sun.Warehouse.dao.ShelvesDaoTest
-------------------------------------------------------------------------------
Tests run: 1, Failures: 0, Errors: 1, Skipped: 0, Time elapsed: 0.004 s <<< FAILURE! - in edu.zut.cs.software.sun.Warehouse.dao.ShelvesDaoTest
initializationError(edu.zut.cs.software.sun.Warehouse.dao.ShelvesDaoTest)  Time elapsed: 0 s  <<< ERROR!
java.lang.Exception: No runnable methods

