-------------------------------------------------------------------------------
Test set: edu.zut.cs.software.sun.show.dao.PageDaoTest
-------------------------------------------------------------------------------
Tests run: 1, Failures: 0, Errors: 1, Skipped: 0, Time elapsed: 0.005 s <<< FAILURE! - in edu.zut.cs.software.sun.show.dao.PageDaoTest
initializationError(edu.zut.cs.software.sun.show.dao.PageDaoTest)  Time elapsed: 0 s  <<< ERROR!
java.lang.Exception: No runnable methods

